<?xml version="1.0" encoding="UTF-8" ?>
<testsuites>
  <testsuite errors="0" failures="0" hostname="jtd71" id="0" name="TireTests" package="no.pstop.webapp" tests="2" time="1.172" timestamp="2010-01-28T12:22:30">
      <properties />

      <testcase classname="no.pstop.webapp.TireTests" name="testGenerateTire" time="1.063" />

      <testcase classname="no.pstop.webapp.TireTests" name="testGenerateTireWithEmtyFields" time="0.106" />

      <system-out><![CDATA[--Output from testGenerateTire--
--Output from testGenerateTireWithEmtyFields--
]]></system-out>

      <system-err><![CDATA[--Output from testGenerateTire--
--Output from testGenerateTireWithEmtyFields--
]]></system-err>

  </testsuite>
</testsuites>
